<?xml version="1.0" encoding="UTF-8"?>
<coverage generated="1648961982382" clover="3.2.0">
  <project timestamp="1648961982382" name="All files">
    <metrics statements="44" coveredstatements="42" conditionals="10" coveredconditionals="10" methods="14" coveredmethods="14" elements="68" coveredelements="66" complexity="0" loc="44" ncloc="44" packages="1" files="3" classes="3"/>
    <file name="FigureCalculator.js" path="/home/aditya/repos/a276-backend-expert-labs/math-api/src/FigureCalculator.js">
      <metrics statements="16" coveredstatements="16" conditionals="4" coveredconditionals="4" methods="7" coveredmethods="7"/>
      <line num="3" count="13" type="stmt"/>
      <line num="8" count="29" type="cond" truecount="2" falsecount="0"/>
      <line num="9" count="13" type="stmt"/>
      <line num="12" count="16" type="stmt"/>
      <line num="13" count="22" type="cond" truecount="2" falsecount="0"/>
      <line num="14" count="12" type="stmt"/>
      <line num="18" count="4" type="stmt"/>
      <line num="22" count="7" type="stmt"/>
      <line num="25" count="1" type="stmt"/>
      <line num="29" count="7" type="stmt"/>
      <line num="32" count="1" type="stmt"/>
      <line num="36" count="8" type="stmt"/>
      <line num="39" count="1" type="stmt"/>
      <line num="43" count="7" type="stmt"/>
      <line num="46" count="1" type="stmt"/>
      <line num="50" count="1" type="stmt"/>
    </file>
    <file name="MathBasic.js" path="/home/aditya/repos/a276-backend-expert-labs/math-api/src/MathBasic.js">
      <metrics statements="16" coveredstatements="16" conditionals="6" coveredconditionals="6" methods="5" coveredmethods="5"/>
      <line num="1" count="3" type="stmt"/>
      <line num="3" count="45" type="cond" truecount="2" falsecount="0"/>
      <line num="4" count="13" type="stmt"/>
      <line num="7" count="32" type="stmt"/>
      <line num="9" count="32" type="cond" truecount="4" falsecount="0"/>
      <line num="10" count="12" type="stmt"/>
      <line num="12" count="20" type="stmt"/>
      <line num="15" count="14" type="stmt"/>
      <line num="16" count="7" type="stmt"/>
      <line num="19" count="9" type="stmt"/>
      <line num="20" count="3" type="stmt"/>
      <line num="23" count="12" type="stmt"/>
      <line num="24" count="6" type="stmt"/>
      <line num="27" count="10" type="stmt"/>
      <line num="28" count="4" type="stmt"/>
      <line num="32" count="3" type="stmt"/>
    </file>
    <file name="createServer.js" path="/home/aditya/repos/a276-backend-expert-labs/math-api/src/createServer.js">
      <metrics statements="12" coveredstatements="10" conditionals="0" coveredconditionals="0" methods="2" coveredmethods="2"/>
      <line num="1" count="1" type="stmt"/>
      <line num="3" count="1" type="stmt"/>
      <line num="4" count="1" type="stmt"/>
      <line num="9" count="1" type="stmt"/>
      <line num="14" count="1" type="stmt"/>
      <line num="15" count="1" type="stmt"/>
      <line num="16" count="1" type="stmt"/>
      <line num="17" count="1" type="stmt"/>
      <line num="19" count="0" type="stmt"/>
      <line num="20" count="0" type="stmt"/>
      <line num="26" count="1" type="stmt"/>
      <line num="29" count="1" type="stmt"/>
    </file>
  </project>
</coverage>
