<?xml version="1.0" encoding="UTF-8"?>
<coverage generated="1648959891874" clover="3.2.0">
  <project timestamp="1648959891875" name="All files">
    <metrics statements="27" coveredstatements="27" conditionals="10" coveredconditionals="10" methods="12" coveredmethods="9" elements="49" coveredelements="46" complexity="0" loc="27" ncloc="27" packages="1" files="2" classes="2"/>
    <file name="FigureCalculator.js" path="/home/aditya/repos/a276-backend-expert-labs/math-api/src/FigureCalculator.js">
      <metrics statements="11" coveredstatements="11" conditionals="4" coveredconditionals="4" methods="7" coveredmethods="4"/>
      <line num="3" count="4" type="stmt"/>
      <line num="8" count="7" type="cond" truecount="2" falsecount="0"/>
      <line num="9" count="3" type="stmt"/>
      <line num="11" count="4" type="stmt"/>
      <line num="12" count="5" type="cond" truecount="2" falsecount="0"/>
      <line num="13" count="3" type="stmt"/>
      <line num="17" count="1" type="stmt"/>
      <line num="21" count="7" type="stmt"/>
      <line num="23" count="1" type="stmt"/>
      <line num="24" count="1" type="stmt"/>
      <line num="34" count="1" type="stmt"/>
    </file>
    <file name="MathBasic.js" path="/home/aditya/repos/a276-backend-expert-labs/math-api/src/MathBasic.js">
      <metrics statements="16" coveredstatements="16" conditionals="6" coveredconditionals="6" methods="5" coveredmethods="5"/>
      <line num="1" count="2" type="stmt"/>
      <line num="3" count="39" type="cond" truecount="2" falsecount="0"/>
      <line num="4" count="13" type="stmt"/>
      <line num="7" count="26" type="stmt"/>
      <line num="9" count="26" type="cond" truecount="4" falsecount="0"/>
      <line num="10" count="12" type="stmt"/>
      <line num="12" count="14" type="stmt"/>
      <line num="15" count="11" type="stmt"/>
      <line num="16" count="4" type="stmt"/>
      <line num="19" count="9" type="stmt"/>
      <line num="20" count="3" type="stmt"/>
      <line num="23" count="10" type="stmt"/>
      <line num="24" count="4" type="stmt"/>
      <line num="27" count="9" type="stmt"/>
      <line num="28" count="3" type="stmt"/>
      <line num="32" count="2" type="stmt"/>
    </file>
  </project>
</coverage>
