TN:
SF:src/FigureCalculator.js
FN:2,(anonymous_0)
FN:7,(anonymous_1)
FN:11,(anonymous_2)
FN:20,(anonymous_3)
FN:27,(anonymous_4)
FN:29,(anonymous_5)
FN:31,(anonymous_6)
FNF:7
FNH:4
FNDA:4,(anonymous_0)
FNDA:7,(anonymous_1)
FNDA:5,(anonymous_2)
FNDA:7,(anonymous_3)
FNDA:0,(anonymous_4)
FNDA:0,(anonymous_5)
FNDA:0,(anonymous_6)
DA:3,4
DA:8,7
DA:9,3
DA:11,4
DA:12,5
DA:13,3
DA:17,1
DA:21,7
DA:23,1
DA:24,1
DA:34,1
LF:11
LH:11
BRDA:8,0,0,3
BRDA:8,0,1,4
BRDA:12,1,0,3
BRDA:12,1,1,2
BRF:4
BRH:4
end_of_record
TN:
SF:src/MathBasic.js
FN:2,(anonymous_0)
FN:14,(anonymous_1)
FN:18,(anonymous_2)
FN:22,(anonymous_3)
FN:26,(anonymous_4)
FNF:5
FNH:5
FNDA:39,(anonymous_0)
FNDA:11,(anonymous_1)
FNDA:9,(anonymous_2)
FNDA:10,(anonymous_3)
FNDA:9,(anonymous_4)
DA:1,2
DA:3,39
DA:4,13
DA:7,26
DA:9,26
DA:10,12
DA:12,14
DA:15,11
DA:16,4
DA:19,9
DA:20,3
DA:23,10
DA:24,4
DA:27,9
DA:28,3
DA:32,2
LF:16
LH:16
BRDA:3,0,0,13
BRDA:3,0,1,26
BRDA:9,1,0,12
BRDA:9,1,1,14
BRDA:9,2,0,26
BRDA:9,2,1,14
BRF:6
BRH:6
end_of_record
