TN:
SF:src/FigureCalculator.js
FN:2,(anonymous_0)
FN:7,(anonymous_1)
FN:12,(anonymous_2)
FN:21,(anonymous_3)
FN:28,(anonymous_4)
FN:35,(anonymous_5)
FN:42,(anonymous_6)
FNF:7
FNH:7
FNDA:13,(anonymous_0)
FNDA:29,(anonymous_1)
FNDA:22,(anonymous_2)
FNDA:7,(anonymous_3)
FNDA:7,(anonymous_4)
FNDA:8,(anonymous_5)
FNDA:7,(anonymous_6)
DA:3,13
DA:8,29
DA:9,13
DA:12,16
DA:13,22
DA:14,12
DA:18,4
DA:22,7
DA:25,1
DA:29,7
DA:32,1
DA:36,8
DA:39,1
DA:43,7
DA:46,1
DA:50,1
LF:16
LH:16
BRDA:8,0,0,13
BRDA:8,0,1,16
BRDA:13,1,0,12
BRDA:13,1,1,10
BRF:4
BRH:4
end_of_record
TN:
SF:src/MathBasic.js
FN:2,(anonymous_0)
FN:14,(anonymous_1)
FN:18,(anonymous_2)
FN:22,(anonymous_3)
FN:26,(anonymous_4)
FNF:5
FNH:5
FNDA:45,(anonymous_0)
FNDA:14,(anonymous_1)
FNDA:9,(anonymous_2)
FNDA:12,(anonymous_3)
FNDA:10,(anonymous_4)
DA:1,3
DA:3,45
DA:4,13
DA:7,32
DA:9,32
DA:10,12
DA:12,20
DA:15,14
DA:16,7
DA:19,9
DA:20,3
DA:23,12
DA:24,6
DA:27,10
DA:28,4
DA:32,3
LF:16
LH:16
BRDA:3,0,0,13
BRDA:3,0,1,32
BRDA:9,1,0,12
BRDA:9,1,1,20
BRDA:9,2,0,32
BRDA:9,2,1,20
BRF:6
BRH:6
end_of_record
TN:
SF:src/createServer.js
FN:3,(anonymous_0)
FN:13,(anonymous_1)
FNF:2
FNH:2
FNDA:1,(anonymous_0)
FNDA:1,(anonymous_1)
DA:1,1
DA:3,1
DA:4,1
DA:9,1
DA:14,1
DA:15,1
DA:16,1
DA:17,1
DA:19,0
DA:20,0
DA:26,1
DA:29,1
LF:12
LH:10
BRF:0
BRH:0
end_of_record
